d:\bntu\bntu\oop\course_project_oop\course_project_oop\debug\vc142.pdb
d:\bntu\bntu\oop\course_project_oop\course_project_oop\debug\vc142.idb
d:\bntu\bntu\oop\course_project_oop\course_project_oop\debug\course_project_oop_main.obj
d:\bntu\bntu\oop\course_project_oop\course_project_oop\debug\course_project_oop_code.obj
d:\bntu\bntu\oop\course_project_oop\debug\course_project_oop.exe
d:\bntu\bntu\oop\course_project_oop\course_project_oop\debug\course_project_oop.ilk
d:\bntu\bntu\oop\course_project_oop\debug\course_project_oop.pdb
d:\gb\bntu\bntu\oop\course_project_oop\course_project_oop\debug\course_project_oop_code.obj
d:\gb\bntu\bntu\oop\course_project_oop\course_project_oop\debug\course_project_oop_main.obj
d:\gb\bntu\bntu\oop\course_project_oop\course_project_oop\debug\course_project_oop.ilk
d:\gb\bntu\bntu\oop\course_project_oop\course_project_oop\debug\vc142.idb
d:\gb\bntu\bntu\oop\course_project_oop\course_project_oop\debug\vc142.pdb
d:\gb\bntu\bntu\oop\course_project_oop\debug\course_project_oop.pdb
d:\gb\bntu\bntu\oop\course_project_oop\debug\course_project_oop.exe
d:\gb\bntu\bntu\oop\course_project_oop\course_project_oop\debug\course_p.b465f9c1.tlog\cl.command.1.tlog
d:\gb\bntu\bntu\oop\course_project_oop\course_project_oop\debug\course_p.b465f9c1.tlog\cl.read.1.tlog
d:\gb\bntu\bntu\oop\course_project_oop\course_project_oop\debug\course_p.b465f9c1.tlog\cl.write.1.tlog
d:\gb\bntu\bntu\oop\course_project_oop\course_project_oop\debug\course_p.b465f9c1.tlog\link.command.1.tlog
d:\gb\bntu\bntu\oop\course_project_oop\course_project_oop\debug\course_p.b465f9c1.tlog\link.read.1.tlog
d:\gb\bntu\bntu\oop\course_project_oop\course_project_oop\debug\course_p.b465f9c1.tlog\link.write.1.tlog
