  Course_Project_OOP_Code.cpp
D:\GB\BNTU\BNTU\OOP\Course_Project_OOP_DLL\Course_Project_OOP_DLL\Course_Project_OOP_DLL_Header.h(37,9): warning C4251: Vegetable::name: class "std::basic_string<char,std::char_traits<char>,std::allocator<char>>" должен иметь dll-интерфейс для использования клиентами class "Vegetable"
C:\Program Files (x86)\Microsoft Visual Studio\2019\Community\VC\Tools\MSVC\14.29.30133\include\xstring(4905): message : см. объявление "std::basic_string<char,std::char_traits<char>,std::allocator<char>>"
D:\GB\BNTU\BNTU\OOP\Course_Project_OOP_DLL\Course_Project_OOP_DLL\Course_Project_OOP_DLL_Header.h(37,15): warning C4251: Vegetable::category: class "std::basic_string<char,std::char_traits<char>,std::allocator<char>>" должен иметь dll-интерфейс для использования клиентами class "Vegetable"
C:\Program Files (x86)\Microsoft Visual Studio\2019\Community\VC\Tools\MSVC\14.29.30133\include\xstring(4905): message : см. объявление "std::basic_string<char,std::char_traits<char>,std::allocator<char>>"
D:\GB\BNTU\BNTU\OOP\Course_Project_OOP_DLL\Course_Project_OOP_DLL\Course_Project_OOP_DLL_Header.h(55,9): warning C4251: CucurbitaceaeVegetable::harvest_country: class "std::basic_string<char,std::char_traits<char>,std::allocator<char>>" должен иметь dll-интерфейс для использования клиентами class "CucurbitaceaeVegetable"
C:\Program Files (x86)\Microsoft Visual Studio\2019\Community\VC\Tools\MSVC\14.29.30133\include\xstring(4905): message : см. объявление "std::basic_string<char,std::char_traits<char>,std::allocator<char>>"
D:\GB\BNTU\BNTU\OOP\Course_Project_OOP_DLL\Course_Project_OOP_DLL\Course_Project_OOP_DLL_Header.h(81,9): warning C4251: NightshadeVegetable::variety: class "std::basic_string<char,std::char_traits<char>,std::allocator<char>>" должен иметь dll-интерфейс для использования клиентами class "NightshadeVegetable"
C:\Program Files (x86)\Microsoft Visual Studio\2019\Community\VC\Tools\MSVC\14.29.30133\include\xstring(4905): message : см. объявление "std::basic_string<char,std::char_traits<char>,std::allocator<char>>"
D:\GB\BNTU\BNTU\OOP\Course_Project_OOP_DLL\Course_Project_OOP_DLL\Course_Project_OOP_DLL_Header.h(114,9): warning C4251: RootVegetable::crop_year: class "std::basic_string<char,std::char_traits<char>,std::allocator<char>>" должен иметь dll-интерфейс для использования клиентами class "RootVegetable"
C:\Program Files (x86)\Microsoft Visual Studio\2019\Community\VC\Tools\MSVC\14.29.30133\include\xstring(4905): message : см. объявление "std::basic_string<char,std::char_traits<char>,std::allocator<char>>"
D:\GB\BNTU\BNTU\OOP\Course_Project_OOP_DLL\Course_Project_OOP_DLL\Course_Project_OOP_DLL_Header.h(162,21): warning C4251: Salad::salad: class "std::vector<Vegetable *,std::allocator<Vegetable *>>" должен иметь dll-интерфейс для использования клиентами class "Salad"
D:\GB\BNTU\BNTU\OOP\Course_Project_OOP_DLL\Course_Project_OOP_DLL\Course_Project_OOP_DLL_Header.h(162): message : см. объявление "std::vector<Vegetable *,std::allocator<Vegetable *>>"
  Course_Project_OOP_Main.cpp
D:\GB\BNTU\BNTU\OOP\Course_Project_OOP_DLL\Course_Project_OOP_DLL\Course_Project_OOP_DLL_Header.h(37,9): warning C4251: Vegetable::name: class "std::basic_string<char,std::char_traits<char>,std::allocator<char>>" должен иметь dll-интерфейс для использования клиентами class "Vegetable"
C:\Program Files (x86)\Microsoft Visual Studio\2019\Community\VC\Tools\MSVC\14.29.30133\include\xstring(4905): message : см. объявление "std::basic_string<char,std::char_traits<char>,std::allocator<char>>"
D:\GB\BNTU\BNTU\OOP\Course_Project_OOP_DLL\Course_Project_OOP_DLL\Course_Project_OOP_DLL_Header.h(37,15): warning C4251: Vegetable::category: class "std::basic_string<char,std::char_traits<char>,std::allocator<char>>" должен иметь dll-интерфейс для использования клиентами class "Vegetable"
C:\Program Files (x86)\Microsoft Visual Studio\2019\Community\VC\Tools\MSVC\14.29.30133\include\xstring(4905): message : см. объявление "std::basic_string<char,std::char_traits<char>,std::allocator<char>>"
D:\GB\BNTU\BNTU\OOP\Course_Project_OOP_DLL\Course_Project_OOP_DLL\Course_Project_OOP_DLL_Header.h(55,9): warning C4251: CucurbitaceaeVegetable::harvest_country: class "std::basic_string<char,std::char_traits<char>,std::allocator<char>>" должен иметь dll-интерфейс для использования клиентами class "CucurbitaceaeVegetable"
C:\Program Files (x86)\Microsoft Visual Studio\2019\Community\VC\Tools\MSVC\14.29.30133\include\xstring(4905): message : см. объявление "std::basic_string<char,std::char_traits<char>,std::allocator<char>>"
D:\GB\BNTU\BNTU\OOP\Course_Project_OOP_DLL\Course_Project_OOP_DLL\Course_Project_OOP_DLL_Header.h(81,9): warning C4251: NightshadeVegetable::variety: class "std::basic_string<char,std::char_traits<char>,std::allocator<char>>" должен иметь dll-интерфейс для использования клиентами class "NightshadeVegetable"
C:\Program Files (x86)\Microsoft Visual Studio\2019\Community\VC\Tools\MSVC\14.29.30133\include\xstring(4905): message : см. объявление "std::basic_string<char,std::char_traits<char>,std::allocator<char>>"
D:\GB\BNTU\BNTU\OOP\Course_Project_OOP_DLL\Course_Project_OOP_DLL\Course_Project_OOP_DLL_Header.h(114,9): warning C4251: RootVegetable::crop_year: class "std::basic_string<char,std::char_traits<char>,std::allocator<char>>" должен иметь dll-интерфейс для использования клиентами class "RootVegetable"
C:\Program Files (x86)\Microsoft Visual Studio\2019\Community\VC\Tools\MSVC\14.29.30133\include\xstring(4905): message : см. объявление "std::basic_string<char,std::char_traits<char>,std::allocator<char>>"
D:\GB\BNTU\BNTU\OOP\Course_Project_OOP_DLL\Course_Project_OOP_DLL\Course_Project_OOP_DLL_Header.h(162,21): warning C4251: Salad::salad: class "std::vector<Vegetable *,std::allocator<Vegetable *>>" должен иметь dll-интерфейс для использования клиентами class "Salad"
D:\GB\BNTU\BNTU\OOP\Course_Project_OOP_DLL\Course_Project_OOP_DLL\Course_Project_OOP_DLL_Header.h(162): message : см. объявление "std::vector<Vegetable *,std::allocator<Vegetable *>>"
  Создание кода...
  Course_Project_OOP.vcxproj -> D:\GB\BNTU\BNTU\OOP\Course_Project_OOP\Debug\Course_Project_OOP.exe
